<?xml version="1.0" encoding="UTF-8"?>
<testsuite xmlns:xsi="http://www.w3.org/2001/XMLSchema-instance" xsi:noNamespaceSchemaLocation="https://maven.apache.org/surefire/maven-surefire-plugin/xsd/surefire-test-report.xsd" name="Testrunner.Testrunner" time="134.869" tests="11" errors="1" skipped="0" failures="0">
  <properties>
[...]
</properties>
  <testcase name="Succesful Login with validcredentials #1" classname="User Login" time="13.241"/>
  <testcase name="Succesful Login with validcredentials #2" classname="User Login" time="11.759"/>
  <testcase name="Succesful Login with invalidcredentials #1" classname="User Login" time="11.566"/>
  <testcase name="Succesful Login with invalidcredentials #2" classname="User Login" time="11.578"/>
  <testcase name="Succesful Login with invalidemail and valid password #1" classname="User Login" time="13.535">
    <error message="Unable to locate element: #input\-email&#10;For documentation on this error, please visit: https://www.selenium.dev/documentation/webdriver/troubleshooting/errors#no-such-element-exception&#10;Build info: version: &apos;4.10.0&apos;, revision: &apos;c14d967899&apos;&#10;System info: os.name: &apos;Windows 10&apos;, os.arch: &apos;amd64&apos;, os.version: &apos;10.0&apos;, java.version: &apos;17.0.8&apos;&#10;Driver info: org.openqa.selenium.firefox.FirefoxDriver&#10;Command: [dc353bb4-047b-48ca-aa11-e1b792152ef5, findElement {using=id, value=input-email}]&#10;Capabilities {acceptInsecureCerts: true, browserName: firefox, browserVersion: 115.2.0, moz:accessibilityChecks: false, moz:buildID: 20230821110938, moz:debuggerAddress: 127.0.0.1:2150, moz:geckodriverVersion: 0.33.0, moz:headless: false, moz:platformVersion: 10.0, moz:processID: 7032, moz:profile: C:\Users\ideal\AppData\Loca..., moz:shutdownTimeout: 60000, moz:useNonSpecCompliantPointerOrigin: false, moz:webdriverClick: true, moz:windowless: false, pageLoadStrategy: normal, platformName: windows, proxy: Proxy(), se:cdp: ws://127.0.0.1:2150/devtool..., se:cdpVersion: 85.0, setWindowRect: true, strictFileInteractability: false, timeouts: {implicit: 0, pageLoad: 300000, script: 30000}, unhandledPromptBehavior: dismiss and notify}&#10;Session ID: dc353bb4-047b-48ca-aa11-e1b792152ef5" type="org.openqa.selenium.NoSuchElementException">org.openqa.selenium.NoSuchElementException: 
Unable to locate element: #input\-email
For documentation on this error, please visit: https://www.selenium.dev/documentation/webdriver/troubleshooting/errors#no-such-element-exception
Build info: version: '4.10.0', revision: 'c14d967899'
System info: os.name: 'Windows 10', os.arch: 'amd64', os.version: '10.0', java.version: '17.0.8'
Driver info: org.openqa.selenium.firefox.FirefoxDriver
Command: [dc353bb4-047b-48ca-aa11-e1b792152ef5, findElement {using=id, value=input-email}]
Capabilities {acceptInsecureCerts: true, browserName: firefox, browserVersion: 115.2.0, moz:accessibilityChecks: false, moz:buildID: 20230821110938, moz:debuggerAddress: 127.0.0.1:2150, moz:geckodriverVersion: 0.33.0, moz:headless: false, moz:platformVersion: 10.0, moz:processID: 7032, moz:profile: C:\Users\ideal\AppData\Loca..., moz:shutdownTimeout: 60000, moz:useNonSpecCompliantPointerOrigin: false, moz:webdriverClick: true, moz:windowless: false, pageLoadStrategy: normal, platformName: windows, proxy: Proxy(), se:cdp: ws://127.0.0.1:2150/devtool..., se:cdpVersion: 85.0, setWindowRect: true, strictFileInteractability: false, timeouts: {implicit: 0, pageLoad: 300000, script: 30000}, unhandledPromptBehavior: dismiss and notify}
Session ID: dc353bb4-047b-48ca-aa11-e1b792152ef5
</error>
    <system-out><![CDATA[
@all @login @invalidemailandvalidpassword
Scenario Outline: Succesful Login with invalidemail and valid password      &amp#27;[90m# src/test/java/featurefile/login2.feature:38&amp#27;[0m
  &amp#27;[32mGiven &amp#27;[0m&amp#27;[32muser Launch Chrome Browser&amp#27;[0m                                          &amp#27;[90m# Testdefinations.Loginstepdefinations.user_launch_chrome_browser()&amp#27;[0m
  &amp#27;[32mWhen &amp#27;[0m&amp#27;[32muser open url &amp#27;[0m&amp#27;[32m&amp#27;[1m"https://tutorialsninja.com/demo/"&amp#27;[0m                     &amp#27;[90m# Testdefinations.Loginstepdefinations.user_open_url(java.lang.String)&amp#27;[0m
  &amp#27;[32mAnd &amp#27;[0m&amp#27;[32mclick on myaccount&amp#27;[0m                                                    &amp#27;[90m# Testdefinations.Loginstepdefinations.click_on_myaccount()&amp#27;[0m
  &amp#27;[32mAnd &amp#27;[0m&amp#27;[32mclick Login&amp#27;[0m                                                           &amp#27;[90m# Testdefinations.Loginstepdefinations.click_login()&amp#27;[0m
  &amp#27;[31mWhen &amp#27;[0m&amp#27;[31muser enter email as &amp#27;[0m&amp#27;[31m&amp#27;[1m"saivenkatsh@gmail.com"&amp#27;[0m&amp#27;[31m and password &amp#27;[0m&amp#27;[31m&amp#27;[1m"Sairam"&amp#27;[0m    &amp#27;[90m# Testdefinations.Loginstepdefinations.user_enter_email_as_and_password(java.lang.String,java.lang.String)&amp#27;[0m
      &amp#27;[31morg.openqa.selenium.NoSuchElementException: Unable to locate element: #input\-email
For documentation on this error, please visit: https://www.selenium.dev/documentation/webdriver/troubleshooting/errors#no-such-element-exception
Build info: version: '4.10.0', revision: 'c14d967899'
System info: os.name: 'Windows 10', os.arch: 'amd64', os.version: '10.0', java.version: '17.0.8'
Driver info: org.openqa.selenium.firefox.FirefoxDriver
Command: [dc353bb4-047b-48ca-aa11-e1b792152ef5, findElement {using=id, value=input-email}]
Capabilities {acceptInsecureCerts: true, browserName: firefox, browserVersion: 115.2.0, moz:accessibilityChecks: false, moz:buildID: 20230821110938, moz:debuggerAddress: 127.0.0.1:2150, moz:geckodriverVersion: 0.33.0, moz:headless: false, moz:platformVersion: 10.0, moz:processID: 7032, moz:profile: C:\Users\ideal\AppData\Loca..., moz:shutdownTimeout: 60000, moz:useNonSpecCompliantPointerOrigin: false, moz:webdriverClick: true, moz:windowless: false, pageLoadStrategy: normal, platformName: windows, proxy: Proxy(), se:cdp: ws://127.0.0.1:2150/devtool..., se:cdpVersion: 85.0, setWindowRect: true, strictFileInteractability: false, timeouts: {implicit: 0, pageLoad: 300000, script: 30000}, unhandledPromptBehavior: dismiss and notify}
Session ID: dc353bb4-047b-48ca-aa11-e1b792152ef5
	at java.base/jdk.internal.reflect.NativeConstructorAccessorImpl.newInstance0(Native Method)
	at java.base/jdk.internal.reflect.NativeConstructorAccessorImpl.newInstance(NativeConstructorAccessorImpl.java:77)
	at java.base/jdk.internal.reflect.DelegatingConstructorAccessorImpl.newInstance(DelegatingConstructorAccessorImpl.java:45)
	at java.base/java.lang.reflect.Constructor.newInstanceWithCaller(Constructor.java:499)
	at java.base/java.lang.reflect.Constructor.newInstance(Constructor.java:480)
	at org.openqa.selenium.remote.codec.w3c.W3CHttpResponseCodec.createException(W3CHttpResponseCodec.java:199)
	at org.openqa.selenium.remote.codec.w3c.W3CHttpResponseCodec.decode(W3CHttpResponseCodec.java:132)
	at org.openqa.selenium.remote.codec.w3c.W3CHttpResponseCodec.decode(W3CHttpResponseCodec.java:51)
	at org.openqa.selenium.remote.HttpCommandExecutor.execute(HttpCommandExecutor.java:191)
	at org.openqa.selenium.remote.service.DriverCommandExecutor.invokeExecute(DriverCommandExecutor.java:196)
	at org.openqa.selenium.remote.service.DriverCommandExecutor.execute(DriverCommandExecutor.java:171)
	at org.openqa.selenium.remote.RemoteWebDriver.execute(RemoteWebDriver.java:531)
	at org.openqa.selenium.remote.ElementLocation$ElementFinder$2.findElement(ElementLocation.java:165)
	at org.openqa.selenium.remote.ElementLocation.findElement(ElementLocation.java:66)
	at org.openqa.selenium.remote.RemoteWebDriver.findElement(RemoteWebDriver.java:350)
	at org.openqa.selenium.remote.RemoteWebDriver.findElement(RemoteWebDriver.java:344)
	at org.openqa.selenium.support.pagefactory.DefaultElementLocator.findElement(DefaultElementLocator.java:68)
	at org.openqa.selenium.support.pagefactory.internal.LocatingElementHandler.invoke(LocatingElementHandler.java:38)
	at jdk.proxy2/jdk.proxy2.$Proxy23.sendKeys(Unknown Source)
	at pageobjects.LoginPage.enteremail(LoginPage.java:48)
	at Testdefinations.Loginstepdefinations.user_enter_email_as_and_password(Loginstepdefinations.java:41)
	at âœ½.user enter email as "saivenkatsh@gmail.com" and password "Sairam"(file:///F:/testing%20workspaces/BDD/bdd3/src/test/java/featurefile/login2.feature:32)
&amp#27;[0m
  &amp#27;[36mAnd &amp#27;[0m&amp#27;[36mclick on login&amp#27;[0m                                                        &amp#27;[90m# Testdefinations.Loginstepdefinations.click_on_login()&amp#27;[0m
  &amp#27;[36mThen &amp#27;[0m&amp#27;[36mpage  should be"Warning No match for E-Mail Address and or Password"&amp#27;[0m &amp#27;[90m# Testdefinations.Loginstepdefinations.page_should_be_warning_your_account_information()&amp#27;[0m
  &amp#27;[36mAnd &amp#27;[0m&amp#27;[36mclose browser&amp#27;[0m                                                         &amp#27;[90m# Testdefinations.Loginstepdefinations.close_browser()&amp#27;[0m
]]></system-out>
    <system-err><![CDATA[Sep 14, 2023 4:00:13 PM org.openqa.selenium.remote.service.DriverService$Builder getLogOutput
INFO: Driver logs no longer sent to console by default; https://www.selenium.dev/documentation/webdriver/drivers/service/#setting-log-output
]]></system-err>
  </testcase>
  <testcase name="Succesful Login with invalidemail and valid password #2" classname="User Login" time="10.915"/>
  <testcase name="Succesful Login with validemail and invalid password #1" classname="User Login" time="12.659"/>
  <testcase name="Succesful Login with validemail and invalid password #2" classname="User Login" time="13.622"/>
  <testcase name="Succesful Login without enter details" classname="User Login" time="11.552"/>
  <testcase name="Click on Forget Password" classname="User Login" time="11.29"/>
  <testcase name="Verify E-Mail Address and Password text fields in the Login page have the place holder text" classname="User Login" time="10.9"/>
</testsuite>